# Check configuration tokens
# Ensure build layout
# Check configuration tokens
# Preparing build
# Check requirements for android
# Search for Git (git)
#  -> found at /usr/bin/git
# Search for Cython (cython)
#  -> found at /home/mimisriz/Flappy_Bird_Android/.venv/bin/cython
# Search for Java compiler (javac)
#  -> found at /usr/lib/jvm/java-17-openjdk/bin/javac
# Search for Java keytool (keytool)
#  -> found at /usr/lib/jvm/java-17-openjdk/bin/keytool
# Install platform
# Run ['git', 'config', '--get', 'remote.origin.url']
# Cwd /home/mimisriz/Flappy_Bird_Android/.buildozer/android/platform/python-for-android
https://github.com/kivy/python-for-android.git
# Run ['git', 'branch', '-vv']
# Cwd /home/mimisriz/Flappy_Bird_Android/.buildozer/android/platform/python-for-android
* master 957a3e5f [origin/master] Merge pull request #2959 from kivy/release-2024.01.21
# Run ['/home/mimisriz/Flappy_Bird_Android/.venv/bin/python3.11', '-m', 'pip', 'install', '-q', '--user', 'appdirs', 'colorama>=0.3.3', 'jinja2', 'sh>=1.10, <2.0; sys_platform!="win32"', 'build', 'toml', 'packaging', 'setuptools']
# Cwd None

[notice] A new release of pip is available: 24.0 -> 25.3
[notice] To update, run: pip install --upgrade pip
# Apache ANT found at /home/mimisriz/.buildozer/android/platform/apache-ant-1.9.4
# Android SDK found at /home/mimisriz/.buildozer/android/platform/android-sdk
# Recommended android's NDK version by p4a is: 25b
# Android NDK found at /home/mimisriz/.buildozer/android/platform/android-ndk-r25b
# Run ['/home/mimisriz/Flappy_Bird_Android/.venv/bin/python3.11', '-m', 'pythonforandroid.toolchain', 'aab', '-h', '--color=always', '--storage-dir=/home/mimisriz/Flappy_Bird_Android/.buildozer/android/platform/build-arm64-v8a_armeabi-v7a', '--ndk-api=21', '--ignore-setup-py', '--debug']
# Cwd /home/mimisriz/Flappy_Bird_Android/.buildozer/android/platform/python-for-android
[WARNING]: prerequisites.py is experimental and does not support all prerequisites yet.
[WARNING]: Please report any issues to the python-for-android issue tracker.
[WARNING]: prerequisites.py is experimental and does not support all prerequisites yet.
[WARNING]: Please report any issues to the python-for-android issue tracker.
usage: toolchain.py aab [-h] [--debug] [--color {always,never,auto}]
                        [--sdk-dir SDK_DIR] [--ndk-dir NDK_DIR]
                        [--android-api ANDROID_API]
                        [--ndk-version NDK_VERSION] [--ndk-api NDK_API]
                        [--symlink-bootstrap-files]
                        [--storage-dir STORAGE_DIR] [--arch ARCH]
                        [--dist-name DIST_NAME] [--requirements REQUIREMENTS]
                        [--recipe-blacklist RECIPE_BLACKLIST]
                        [--blacklist-requirements BLACKLIST_REQUIREMENTS]
                        [--bootstrap BOOTSTRAP] [--hook HOOK] [--force-build]
                        [--no-force-build] [--require-perfect-match]
                        [--no-require-perfect-match] [--allow-replace-dist]
                        [--no-allow-replace-dist]
                        [--local-recipes LOCAL_RECIPES]
                        [--activity-class-name ACTIVITY_CLASS_NAME]
                        [--service-class-name SERVICE_CLASS_NAME]
                        [--java-build-tool {auto,ant,gradle}] [--copy-libs]
                        [--no-copy-libs] [--add-asset ASSETS]
                        [--add-resource RESOURCES] [--private PRIVATE]
                        [--use-setup-py] [--ignore-setup-py] [--release]
                        [--with-debug-symbols] [--keystore KEYSTORE]
                        [--signkey SIGNKEY] [--keystorepw KEYSTOREPW]
                        [--signkeypw SIGNKEYPW]

options:
  -h, --help            show this help message and exit
  --debug               Display debug output and all build info
  --color {always,never,auto}
                        Enable or disable color output (default enabled on
                        tty)
  --sdk-dir SDK_DIR, --sdk_dir SDK_DIR
                        The filepath where the Android SDK is installed
  --ndk-dir NDK_DIR, --ndk_dir NDK_DIR
                        The filepath where the Android NDK is installed
  --android-api ANDROID_API, --android_api ANDROID_API
                        The Android API level to build against defaults to 33
                        if not specified.
  --ndk-version NDK_VERSION, --ndk_version NDK_VERSION
                        DEPRECATED: the NDK version is now found automatically
                        or not at all.
  --ndk-api NDK_API     The Android API level to compile against. This should
                        be your *minimal supported* API, not normally the same
                        as your --android-api. Defaults to min(ANDROID_API,
                        21) if not specified.
  --symlink-bootstrap-files, --ssymlink_bootstrap_files
                        If True, symlinks the bootstrap files creation. This
                        is useful for development only, it could also cause
                        weird problems.
  --storage-dir STORAGE_DIR
                        Primary storage directory for downloads and builds
                        (default: /home/mimisriz/.local/share/python-for-
                        android)
  --arch ARCH           The archs to build for.
  --dist-name DIST_NAME, --dist_name DIST_NAME
                        The name of the distribution to use or create
  --requirements REQUIREMENTS
                        Dependencies of your app, should be recipe names or
                        Python modules. NOT NECESSARY if you are using Python
                        3 with --use-setup-py
  --recipe-blacklist RECIPE_BLACKLIST
                        Blacklist an internal recipe from use. Allows
                        disabling Python 3 core modules to save size
  --blacklist-requirements BLACKLIST_REQUIREMENTS
                        Blacklist an internal recipe from use. Allows
                        disabling Python 3 core modules to save size
  --bootstrap BOOTSTRAP
                        The bootstrap to build with. Leave unset to choose
                        automatically.
  --hook HOOK           Filename to a module that contains python-for-android
                        hooks
  --local-recipes LOCAL_RECIPES, --local_recipes LOCAL_RECIPES
                        Directory to look for local recipes
  --activity-class-name ACTIVITY_CLASS_NAME
                        The full java class name of the main activity
  --service-class-name SERVICE_CLASS_NAME
                        Full java package name of the PythonService class
  --java-build-tool {auto,ant,gradle}
                        The java build tool to use when packaging the APK,
                        defaults to automatically selecting an appropriate
                        tool.
  --add-asset ASSETS    Put this in the assets folder in the apk.
  --add-resource RESOURCES
                        Put this in the res folder in the apk.
  --private PRIVATE     the directory with the app source code files
                        (containing your main.py entrypoint)
  --use-setup-py        Process the setup.py of a project if present.
                        (Experimental!
  --ignore-setup-py     Don't run the setup.py of a project if present. This
                        may be required if the setup.py is not designed to
                        work inside p4a (e.g. by installing dependencies that
                        won't work or aren't desired on Android
  --release             Build your app as a non-debug release build. (Disables
                        gdb debugging among other things)
  --with-debug-symbols  Will keep debug symbols from `.so` files.
  --keystore KEYSTORE   Keystore for JAR signing key, will use jarsigner
                        default if not specified (release build only)
  --signkey SIGNKEY     Key alias to sign PARSER_APK. with (release build
                        only)
  --keystorepw KEYSTOREPW
                        Password for keystore
  --signkeypw SIGNKEYPW
                        Password for key alias

  Whether to force compilation of a new distribution

  --force-build
  --no-force-build      (this is the default)
  --require-perfect-match
  --no-require-perfect-match
                        (this is the default)
  --allow-replace-dist  (this is the default)
  --no-allow-replace-dist
  --copy-libs
  --no-copy-libs        (this is the default)
# Check application requirements
# Compile platform
# Run ['/home/mimisriz/Flappy_Bird_Android/.venv/bin/python3.11', '-m', 'pythonforandroid.toolchain', 'create', '--dist_name=flappybird', '--bootstrap=sdl2', '--requirements=python3,pygame,android', '--arch=arm64-v8a', '--arch=armeabi-v7a', '--copy-libs', '--color=always', '--storage-dir=/home/mimisriz/Flappy_Bird_Android/.buildozer/android/platform/build-arm64-v8a_armeabi-v7a', '--ndk-api=21', '--ignore-setup-py', '--debug']
# Cwd /home/mimisriz/Flappy_Bird_Android/.buildozer/android/platform/python-for-android
[WARNING]: prerequisites.py is experimental and does not support all prerequisites yet.
[WARNING]: Please report any issues to the python-for-android issue tracker.
[WARNING]: prerequisites.py is experimental and does not support all prerequisites yet.
[WARNING]: Please report any issues to the python-for-android issue tracker.
[1m[INFO][0m:    Will compile for the following archs: arm64-v8a, armeabi-v7a
[1m[INFO][0m:    Found Android API target in $ANDROIDAPI: 31
[1m[INFO][0m:    Available Android APIs are (31, 33)
[1m[INFO][0m:    Requested API target 31 is available, continuing.
[1m[INFO][0m:    Found NDK dir in $ANDROIDNDK: /home/mimisriz/.buildozer/android/platform/android-ndk-r25b
[1m[INFO][0m:    Found NDK version 25b
[1m[INFO][0m:    Getting NDK API version (i.e. minimum supported API) from user argument
[1m[INFO][0m:    ccache is missing, the build will not be optimized in the future.
[1m[90m[DEBUG][39m[0m:   All possible dists: [<Distribution: name flappybird with recipes (hostpython3, jpeg, libffi, openssl, png, sdl2_image, sdl2_mixer, sdl2_ttf, sqlite3, python3, sdl2, setuptools, cython, six, pygame, pyjnius, android)>]
[1m[90m[DEBUG][39m[0m:   Dist matching name and arch: [<Distribution: name flappybird with recipes (hostpython3, jpeg, libffi, openssl, png, sdl2_image, sdl2_mixer, sdl2_ttf, sqlite3, python3, sdl2, setuptools, cython, six, pygame, pyjnius, android)>]
[1m[90m[DEBUG][39m[0m:   Dist matching ndk_api and recipe: [<Distribution: name flappybird with recipes (hostpython3, jpeg, libffi, openssl, png, sdl2_image, sdl2_mixer, sdl2_ttf, sqlite3, python3, sdl2, setuptools, cython, six, pygame, pyjnius, android)>]
[1m[INFO][0m:    Of the existing distributions, the following meet the given requirements:
[1m[INFO][0m:    	[32m[1mflappybird[0m: min API 21, includes recipes ([32mhostpython3, jpeg, libffi, openssl, png, sdl2_image, sdl2_mixer, sdl2_ttf, sqlite3, python3, sdl2, setuptools, cython, six, pygame, pyjnius, android[0m), built for archs ([34marm64-v8a, armeabi-v7a[0m)
[1m[INFO][0m:    [1m[94mflappybird has compatible recipes, using this one[0m
# Build the application #12
# Copy application source from /home/mimisriz/Flappy_Bird_Android
# Create directory /home/mimisriz/Flappy_Bird_Android/.buildozer/android/app
# Copy /home/mimisriz/Flappy_Bird_Android/main.py
# Copy /home/mimisriz/Flappy_Bird_Android/04B_19.ttf
# Copy /home/mimisriz/Flappy_Bird_Android/highscore.txt
# Copy /home/mimisriz/Flappy_Bird_Android/requirements.txt
# Create directory /home/mimisriz/Flappy_Bird_Android/.buildozer/android/app/img
# Copy /home/mimisriz/Flappy_Bird_Android/img/main_menu.png
# Copy /home/mimisriz/Flappy_Bird_Android/img/bglong_day.png
# Copy /home/mimisriz/Flappy_Bird_Android/img/new_game.png
# Copy /home/mimisriz/Flappy_Bird_Android/img/ground.png
# Copy /home/mimisriz/Flappy_Bird_Android/img/pipe.png
# Copy /home/mimisriz/Flappy_Bird_Android/img/bird3.png
# Copy /home/mimisriz/Flappy_Bird_Android/img/bglong_night.png
# Copy /home/mimisriz/Flappy_Bird_Android/img/bird2.png
# Copy /home/mimisriz/Flappy_Bird_Android/img/bg_night.png
# Copy /home/mimisriz/Flappy_Bird_Android/img/restart.png
# Copy /home/mimisriz/Flappy_Bird_Android/img/bird1.png
# Copy /home/mimisriz/Flappy_Bird_Android/img/quit.png
# Copy /home/mimisriz/Flappy_Bird_Android/img/spritesheet.png
# Copy /home/mimisriz/Flappy_Bird_Android/img/bg_day.png
# Create directory /home/mimisriz/Flappy_Bird_Android/.buildozer/android/app/audio
# Copy /home/mimisriz/Flappy_Bird_Android/audio/sfx_swooshing.wav
# Copy /home/mimisriz/Flappy_Bird_Android/audio/sfx_die.wav
# Copy /home/mimisriz/Flappy_Bird_Android/audio/bg_music.mp3
# Copy /home/mimisriz/Flappy_Bird_Android/audio/sfx_wing.wav
# Copy /home/mimisriz/Flappy_Bird_Android/audio/sfx_hit.wav
# Copy /home/mimisriz/Flappy_Bird_Android/audio/sfx_point.wav
# Package the application
# project.properties updated
# Run ['/home/mimisriz/Flappy_Bird_Android/.venv/bin/python3.11', '-m', 'pythonforandroid.toolchain', 'apk', '--bootstrap', 'sdl2', '--dist_name', 'flappybird', '--name', 'Flappy Bird', '--version', '1.0', '--package', 'org.sriz.flappybird', '--minsdk', '21', '--ndk-api', '21', '--private', '/home/mimisriz/Flappy_Bird_Android/.buildozer/android/app', '--android-entrypoint', 'org.kivy.android.PythonActivity', '--android-apptheme', '@android:style/Theme.NoTitleBar', '--orientation', 'portrait', '--enable-androidx', '--copy-libs', '--arch', 'arm64-v8a', '--arch', 'armeabi-v7a', '--color=always', '--storage-dir=/home/mimisriz/Flappy_Bird_Android/.buildozer/android/platform/build-arm64-v8a_armeabi-v7a', '--ndk-api=21', '--ignore-setup-py', '--debug']
# Cwd /home/mimisriz/Flappy_Bird_Android/.buildozer/android/platform/python-for-android
[WARNING]: prerequisites.py is experimental and does not support all prerequisites yet.
[WARNING]: Please report any issues to the python-for-android issue tracker.
[WARNING]: prerequisites.py is experimental and does not support all prerequisites yet.
[WARNING]: Please report any issues to the python-for-android issue tracker.
[1m[INFO][0m:    Will compile for the following archs: armeabi-v7a, arm64-v8a
[1m[INFO][0m:    Found Android API target in $ANDROIDAPI: 31
[1m[INFO][0m:    Available Android APIs are (31, 33)
[1m[INFO][0m:    Requested API target 31 is available, continuing.
[1m[INFO][0m:    Found NDK dir in $ANDROIDNDK: /home/mimisriz/.buildozer/android/platform/android-ndk-r25b
[1m[INFO][0m:    Found NDK version 25b
[1m[INFO][0m:    Getting NDK API version (i.e. minimum supported API) from user argument
[1m[INFO][0m:    ccache is missing, the build will not be optimized in the future.
[1m[90m[DEBUG][39m[0m:   All possible dists: [<Distribution: name flappybird with recipes (hostpython3, jpeg, libffi, openssl, png, sdl2_image, sdl2_mixer, sdl2_ttf, sqlite3, python3, sdl2, setuptools, cython, six, pygame, pyjnius, android)>]
[1m[90m[DEBUG][39m[0m:   Dist matching name and arch: [<Distribution: name flappybird with recipes (hostpython3, jpeg, libffi, openssl, png, sdl2_image, sdl2_mixer, sdl2_ttf, sqlite3, python3, sdl2, setuptools, cython, six, pygame, pyjnius, android)>]
[1m[90m[DEBUG][39m[0m:   Dist matching ndk_api and recipe: [<Distribution: name flappybird with recipes (hostpython3, jpeg, libffi, openssl, png, sdl2_image, sdl2_mixer, sdl2_ttf, sqlite3, python3, sdl2, setuptools, cython, six, pygame, pyjnius, android)>]
[1m[INFO][0m:    Of the existing distributions, the following meet the given requirements:
[1m[INFO][0m:    	[32m[1mflappybird[0m: min API 21, includes recipes ([32mhostpython3, jpeg, libffi, openssl, png, sdl2_image, sdl2_mixer, sdl2_ttf, sqlite3, python3, sdl2, setuptools, cython, six, pygame, pyjnius, android[0m), built for archs ([34marm64-v8a, armeabi-v7a[0m)
[1m[INFO][0m:    [1m[94mflappybird has compatible recipes, using this one[0m
[1m[90m[DEBUG][39m[0m:   All possible dists: [<Distribution: name flappybird with recipes (hostpython3, jpeg, libffi, openssl, png, sdl2_image, sdl2_mixer, sdl2_ttf, sqlite3, python3, sdl2, setuptools, cython, six, pygame, pyjnius, android)>]
[1m[90m[DEBUG][39m[0m:   Dist matching name and arch: [<Distribution: name flappybird with recipes (hostpython3, jpeg, libffi, openssl, png, sdl2_image, sdl2_mixer, sdl2_ttf, sqlite3, python3, sdl2, setuptools, cython, six, pygame, pyjnius, android)>]
[1m[90m[DEBUG][39m[0m:   Dist matching ndk_api and recipe: [<Distribution: name flappybird with recipes (hostpython3, jpeg, libffi, openssl, png, sdl2_image, sdl2_mixer, sdl2_ttf, sqlite3, python3, sdl2, setuptools, cython, six, pygame, pyjnius, android)>]
[1m[INFO][0m:    Of the existing distributions, the following meet the given requirements:
[1m[INFO][0m:    	[32m[1mflappybird[0m: min API 21, includes recipes ([32mhostpython3, jpeg, libffi, openssl, png, sdl2_image, sdl2_mixer, sdl2_ttf, sqlite3, python3, sdl2, setuptools, cython, six, pygame, pyjnius, android[0m), built for archs ([34marm64-v8a, armeabi-v7a[0m)
[1m[INFO][0m:    [1m[94mflappybird has compatible recipes, using this one[0m
[1m[INFO][0m:    [36m-> directory context /home/mimisriz/Flappy_Bird_Android/.buildozer/android/platform/build-arm64-v8a_armeabi-v7a/build/bootstrap_builds/sdl2[39m
[1m[INFO][0m:    [36m<- directory context /home/mimisriz/Flappy_Bird_Android/.buildozer/android/platform/python-for-android[39m
[1m[INFO][0m:    [36m-> directory context /home/mimisriz/Flappy_Bird_Android/.buildozer/android/platform/build-arm64-v8a_armeabi-v7a/dists/flappybird[39m
[1m[90m[DEBUG][39m[0m:   Remove directory and subdirectory src/main/assets
[1m[90m[DEBUG][39m[0m:   Create directory src/main/assets
Compiling '/home/mimisriz/Flappy_Bird_Android/.buildozer/android/app/main.py'...
Compiling '/home/mimisriz/Flappy_Bird_Android/.buildozer/android/app/sitecustomize.py'...
[1m[90m[DEBUG][39m[0m:   Remove directory and subdirectory /tmp/p4a-extra-env-rp4eh953
[1m[90m[DEBUG][39m[0m:   Remove directory and subdirectory src/main/res
[1m[INFO][0m:    Detected highest available build tools version to be 36.1.0
stty: 'standard input': Inappropriate ioctl for device
[1m[90m[DEBUG][39m[0m:   [90m->[0m running gradlew clean assembleDebug[0m
[1m[90m[DEBUG][39m[0m:   	
[1m[90m[DEBUG][39m[0m:   	
[1m[90m[DEBUG][39m[0m:   	[2A[1m<[0;1m-------------> 0% CONFIGURING [100ms][m[38D[1B[1m> root project > Resolve dependencies of :classpath[m[51D[1B[2A[1m<[0;1m-------------> 0% CONFIGURING [201ms][m[38D[1B[1m> root project[m[0K[14D[1B[2A[1m<[0;32;1m==[0;39;1m-----------> 21% EXECUTING [300ms][m[0K[37D[1B[1m> :mergeDebugResources[m[22D[1B[2A[0K
[1m[90m[DEBUG][39m[0m:   	[1m> Task :processDebugMainManifest[m
[1m[90m[DEBUG][39m[0m:   	/home/mimisriz/Flappy_Bird_Android/.buildozer/android/platform/build-arm64-v8a_armeabi-v7a/dists/flappybird/src/main/AndroidManifest.xml:53:18-50 Warning:
[1m[90m[DEBUG][39m[0m:   	        android:extractNativeLibs should not be specified in this source AndroidManifest.xml file. See https://d.android.com/guide/topics/manifest/application-element#extractNativeLibs for more information.
[1m[90m[DEBUG][39m[0m:   	The AGP Upgrade Assistant can remove the attribute from the AndroidManifest.xml file and update the build file accordingly. See https://d.android.com/studio/build/agp-upgrade-assistant for more information.
[1m[90m[DEBUG][39m[0m:   	[0K
[1m[90m[DEBUG][39m[0m:   	[0K
[1m[90m[DEBUG][39m[0m:   	
[1m[90m[DEBUG][39m[0m:   	
[1m[90m[DEBUG][39m[0m:   	[4A[1m<[0;32;1m=======[0;39;1m------> 60% EXECUTING [405ms][m[37D[1B[1m> :compressDebugAssets[m[22D[1B[1m> :processDebugResources[m[24D[1B[1m> :mergeExtDexDebug[m[19D[1B[4A[1m<[0;32;1m========[0;39;1m-----> 65% EXECUTING [501ms][m[37D[3B[1m> :mergeDebugJniLibFolders[m[26D[1B[4A[1m<[0;32;1m========[0;39;1m-----> 65% EXECUTING [600ms][m[37D[4B[4A[1m<[0;32;1m========[0;39;1m-----> 65% EXECUTING [701ms][m[37D[4B[4A[1m<[0;32;1m========[0;39;1m-----> 68% EXECUTING [800ms][m[37D[2B> IDLE[0K[6D[2B[4A[1m<[0;32;1m=========[0;39;1m----> 73% EXECUTING [900ms][m[37D[1B> IDLE[0K[6D[2B[1m> :compileDebugJavaWithJavac[m[28D[1B[4A[1m<[0;32;1m=========[0;39;1m----> 73% EXECUTING [1s][m[0K[34D[4B[4A[0K
[1m[90m[DEBUG][39m[0m:   	[1m> Task :compileDebugJavaWithJavac[m
[1m[90m[DEBUG][39m[0m:   	Note: Some input files use or override a deprecated API.
[1m[90m[DEBUG][39m[0m:   	Note: Recompile with -Xlint:deprecation for details.
[1m[90m[DEBUG][39m[0m:   	[0K
[1m[90m[DEBUG][39m[0m:   	[0K
[1m[90m[DEBUG][39m[0m:   	[0K
[1m[90m[DEBUG][39m[0m:   	[0K
[1m[90m[DEBUG][39m[0m:   	[4A[1m<[0;32;1m=========[0;39;1m----> 75% EXECUTING [1s][m[34D[1B> IDLE[6D[1B> IDLE[6D[1B[1m> :dexBuilderDebug[m[18D[1B[4A[1m<[0;32;1m===========[0;39;1m--> 85% EXECUTING [1s][m[34D[1B[1m> :mergeDebugNativeLibs[m[23D[2B[1m> :mergeProjectDexDebug[m[23D[1B[4A[1m<[0;32;1m===========[0;39;1m--> 87% EXECUTING [2s][m[34D[3B> IDLE[0K[6D[1B[4A[1m<[0;32;1m===========[0;39;1m--> 90% EXECUTING [2s][m[34D[1B[1m> :stripDebugDebugSymbols[m[25D[3B[4A[1m<[0;32;1m============[0;39;1m-> 92% EXECUTING [2s][m[34D[1B[1m> :packageDebug[m[0K[15D[3B[4A[1m<[0;32;1m============[0;39;1m-> 92% EXECUTING [3s][m[34D[4B[4A[1m<[0;32;1m============[0;39;1m-> 92% EXECUTING [4s][m[34D[4B[4A[0K
[1m[90m[DEBUG][39m[0m:   	Deprecated Gradle features were used in this build, making it incompatible with Gradle 9.0.
[1m[90m[DEBUG][39m[0m:   	[0K
[1m[90m[DEBUG][39m[0m:   	You can use '--warning-mode all' to show the individual deprecation warnings and determine if they come from your own scripts or plugins.
[1m[90m[DEBUG][39m[0m:   	
[1m[90m[DEBUG][39m[0m:   	See https://docs.gradle.org/8.0.2/userguide/command_line_interface.html#sec:command_line_warnings
[1m[90m[DEBUG][39m[0m:   	
[1m[90m[DEBUG][39m[0m:   	[32;1mBUILD SUCCESSFUL[0;39m in 5s
[1m[90m[DEBUG][39m[0m:   	33 actionable tasks: 33 executed
[1m[90m[DEBUG][39m[0m:   	[0K
[1m[90m[DEBUG][39m[0m:   	[0K
[1m[90m[DEBUG][39m[0m:   	[0K
[1m[90m[DEBUG][39m[0m:   	[0K
[1m[90m[DEBUG][39m[0m:   	[4A[1m<[0;1m-------------> 0% WAITING[m[26D[1B[1m> :packageDebug[m[15D[1B> IDLE[6D[1B> IDLE[6D[1B[4A[2K[1B[2K[1B[2K[1B[2K[3A[0m[?12l[?25h
[1m[INFO][0m:    [36m<- directory context /home/mimisriz/Flappy_Bird_Android/.buildozer/android/platform/python-for-android[39m
[1m[90m[DEBUG][39m[0m:   All possible dists: [<Distribution: name flappybird with recipes (hostpython3, jpeg, libffi, openssl, png, sdl2_image, sdl2_mixer, sdl2_ttf, sqlite3, python3, sdl2, setuptools, cython, six, pygame, pyjnius, android)>]
[1m[90m[DEBUG][39m[0m:   Dist matching name and arch: [<Distribution: name flappybird with recipes (hostpython3, jpeg, libffi, openssl, png, sdl2_image, sdl2_mixer, sdl2_ttf, sqlite3, python3, sdl2, setuptools, cython, six, pygame, pyjnius, android)>]
[1m[90m[DEBUG][39m[0m:   Dist matching ndk_api and recipe: [<Distribution: name flappybird with recipes (hostpython3, jpeg, libffi, openssl, png, sdl2_image, sdl2_mixer, sdl2_ttf, sqlite3, python3, sdl2, setuptools, cython, six, pygame, pyjnius, android)>]
[1m[INFO][0m:    Of the existing distributions, the following meet the given requirements:
[1m[INFO][0m:    	[32m[1mflappybird[0m: min API 21, includes recipes ([32mhostpython3, jpeg, libffi, openssl, png, sdl2_image, sdl2_mixer, sdl2_ttf, sqlite3, python3, sdl2, setuptools, cython, six, pygame, pyjnius, android[0m), built for archs ([34marm64-v8a, armeabi-v7a[0m)
[1m[INFO][0m:    [1m[94mflappybird has compatible recipes, using this one[0m
[1m[INFO][0m:    [1m[32m# Copying android package to current directory[0m[39m
[1m[INFO][0m:    [1m[32m# Android package filename not found in build output. Guessing...[0m[39m
[1m[INFO][0m:    [1m[32m# Found android package file: /home/mimisriz/Flappy_Bird_Android/.buildozer/android/platform/build-arm64-v8a_armeabi-v7a/dists/flappybird/build/outputs/apk/debug/flappybird-debug.apk[0m[39m
[1m[INFO][0m:    # Add version number to android package
[1m[INFO][0m:    # Android package renamed to flappybird-debug-1.0.apk
stty: 'standard input': Inappropriate ioctl for device
[1m[90m[DEBUG][39m[0m:   [90m->[0m running cp /home/mimisriz/Flappy_Bird_Android/.buildozer/android/platform/build-arm64-v8a_armeabi-v7a/dists/flappybird/build/outputs/apk/debug/flappybird-debug.apk flappybird-debug-1.0.apk[0m
No setup.py/pyproject.toml used, copying full private data into .apk.
Applying Java source code patches...
Applying patch: src/patches/SDLActivity.java.patch
Warning: failed to apply patch (exit code 1), assuming it is already applied:  src/patches/SDLActivity.java.patch
# Android packaging done!
# APK flappybird-1.0-arm64-v8a_armeabi-v7a-debug.apk available in the bin directory
# Run ['/home/mimisriz/.buildozer/android/platform/android-sdk/platform-tools/adb', 'devices']
# Cwd None
List of devices attached
RZCY21ZFV3E	device

# Deploy on RZCY21ZFV3E
# Run ['/home/mimisriz/.buildozer/android/platform/android-sdk/platform-tools/adb', 'install', '-r', '/home/mimisriz/Flappy_Bird_Android/bin/flappybird-1.0-arm64-v8a_armeabi-v7a-debug.apk']
# Cwd /home/mimisriz/.buildozer/android/platform
Performing Streamed Install
Success
# Application pushed.
# Run on RZCY21ZFV3E
# Run ['/home/mimisriz/.buildozer/android/platform/android-sdk/platform-tools/adb', 'shell', 'am', 'start', '-n', 'org.sriz.flappybird/org.kivy.android.PythonActivity', '-a', 'org.kivy.android.PythonActivity']
# Cwd /home/mimisriz/.buildozer/android/platform
Starting: Intent { act=org.kivy.android.PythonActivity cmp=org.sriz.flappybird/org.kivy.android.PythonActivity }
# Application started.
